<?xml version="1.0" encoding="UTF-8"?>
<testng-results ignored="0" total="1" passed="1" failed="0" skipped="0">
  <reporter-output>
  </reporter-output>
  <suite started-at="2024-11-26T16:39:59 IST" name="selenium Test Suite" finished-at="2024-11-26T16:40:03 IST" duration-ms="3774">
    <groups>
    </groups>
    <test started-at="2024-11-26T16:39:59 IST" name="Google Title Test" finished-at="2024-11-26T16:40:03 IST" duration-ms="3774">
      <class name="com.example.selenium_automation.NewTest">
        <test-method is-config="true" signature="setUp()[pri:0, instance:com.example.selenium_automation.NewTest@47af7f3d]" started-at="2024-11-26T16:39:59 IST" name="setUp" finished-at="2024-11-26T16:40:01 IST" duration-ms="2461" status="PASS">
          <reporter-output>
          </reporter-output>
        </test-method> <!-- setUp -->
        <test-method signature="testGoogleTitle()[pri:0, instance:com.example.selenium_automation.NewTest@47af7f3d]" started-at="2024-11-26T16:40:01 IST" name="testGoogleTitle" finished-at="2024-11-26T16:40:02 IST" duration-ms="1090" status="PASS">
          <reporter-output>
          </reporter-output>
        </test-method> <!-- testGoogleTitle -->
        <test-method is-config="true" signature="tearDown()[pri:0, instance:com.example.selenium_automation.NewTest@47af7f3d]" started-at="2024-11-26T16:40:02 IST" name="tearDown" finished-at="2024-11-26T16:40:03 IST" duration-ms="189" status="PASS">
          <reporter-output>
          </reporter-output>
        </test-method> <!-- tearDown -->
      </class> <!-- com.example.selenium_automation.NewTest -->
    </test> <!-- Google Title Test -->
  </suite> <!-- selenium Test Suite -->
</testng-results>
